\BOOKMARK [0][-]{chapter.1}{IPv4}{}% 1
\BOOKMARK [1][-]{section.1.1}{Ejercicio\0401.1}{chapter.1}% 2
\BOOKMARK [1][-]{section.1.2}{Ejercicio\0401.2}{chapter.1}% 3
\BOOKMARK [1][-]{section.1.3}{Ejercicio\0401.3}{chapter.1}% 4
\BOOKMARK [1][-]{section.1.4}{Ejercicio\0401.4}{chapter.1}% 5
\BOOKMARK [1][-]{section.1.5}{Ejercicio\0401.5}{chapter.1}% 6
\BOOKMARK [0][-]{chapter.2}{IPv6-SLAAC}{}% 7
\BOOKMARK [1][-]{section.2.1}{Ejercicio\0402.1}{chapter.2}% 8
\BOOKMARK [1][-]{section.2.2}{Ejercicio\0402.2}{chapter.2}% 9
\BOOKMARK [1][-]{section.2.3}{Ejercicio\0402.3}{chapter.2}% 10
\BOOKMARK [1][-]{section.2.4}{Ejercicio\0402.4}{chapter.2}% 11
\BOOKMARK [1][-]{section.2.5}{Ejercicio\0402.5}{chapter.2}% 12
\BOOKMARK [1][-]{section.2.6}{Ejercicio\0402.6}{chapter.2}% 13
\BOOKMARK [1][-]{section.2.7}{Ejercicio\0402.7}{chapter.2}% 14
\BOOKMARK [0][-]{chapter.3}{IPv6-Multicast}{}% 15
\BOOKMARK [1][-]{section.3.1}{Ejercicio\0403.1}{chapter.3}% 16
\BOOKMARK [1][-]{section.3.2}{Ejercicio\0403.2}{chapter.3}% 17
\BOOKMARK [1][-]{section.3.3}{Ejercicio\0403.3}{chapter.3}% 18
\BOOKMARK [1][-]{section.3.4}{Ejercicio\0403.4}{chapter.3}% 19
\BOOKMARK [1][-]{section.3.5}{Ejercicio\0403.5}{chapter.3}% 20
\BOOKMARK [1][-]{section.3.6}{Ejercicio\0403.6}{chapter.3}% 21
\BOOKMARK [1][-]{section.3.7}{Ejercicio\0403.7}{chapter.3}% 22
\BOOKMARK [1][-]{section.3.8}{Ejercicio\0403.8}{chapter.3}% 23
\BOOKMARK [1][-]{section.3.9}{Ejercicio\0403.9}{chapter.3}% 24
\BOOKMARK [1][-]{section.3.10}{Ejercicio\0403.10}{chapter.3}% 25
\BOOKMARK [1][-]{section.3.11}{Ejercicio\0403.11}{chapter.3}% 26
\BOOKMARK [0][-]{chapter.4}{IPv6-Neighbor\040Discovery}{}% 27
\BOOKMARK [1][-]{section.4.1}{Ejercico\0404.1}{chapter.4}% 28
\BOOKMARK [1][-]{section.4.2}{Ejercico\0404.2}{chapter.4}% 29
\BOOKMARK [1][-]{section.4.3}{Ejercico\0404.3}{chapter.4}% 30
\BOOKMARK [1][-]{section.4.4}{Ejercico\0404.4}{chapter.4}% 31
\BOOKMARK [1][-]{section.4.5}{Ejercico\0404.5}{chapter.4}% 32
\BOOKMARK [1][-]{section.4.6}{Ejercico\0404.6}{chapter.4}% 33
