\BOOKMARK [0][-]{chapter.1}{Router\040sin\040QoS}{}% 1
\BOOKMARK [1][-]{section.1.1}{Longitud\040de\040cola\040del\040router}{chapter.1}% 2
\BOOKMARK [2][-]{subsection.1.1.1}{Ejercicio\0401.1.1}{section.1.1}% 3
\BOOKMARK [2][-]{subsection.1.1.2}{Ejercicio\0401.1.2}{section.1.1}% 4
\BOOKMARK [2][-]{subsection.1.1.3}{Ejercicio\0401.1.3}{section.1.1}% 5
\BOOKMARK [2][-]{subsection.1.1.4}{Ejercicio\0401.1.4}{section.1.1}% 6
\BOOKMARK [1][-]{section.1.2}{Tiempo\040en\040cola\040del\040router}{chapter.1}% 7
\BOOKMARK [2][-]{subsection.1.2.1}{Ejercicio\0401.2.1}{section.1.2}% 8
\BOOKMARK [2][-]{subsection.1.2.2}{Ejercicio\0401.2.2}{section.1.2}% 9
\BOOKMARK [1][-]{section.1.3}{Retardo\040de\040extremo\040a\040extremo}{chapter.1}% 10
\BOOKMARK [2][-]{subsection.1.3.1}{Ejercicio\0401.3.1}{section.1.3}% 11
\BOOKMARK [1][-]{section.1.4}{Muestras\040VoIP\040y\040Paquetes\040VoIP\040perdidos}{chapter.1}% 12
\BOOKMARK [2][-]{subsection.1.4.1}{Ejercicio\0401.4.1}{section.1.4}% 13
\BOOKMARK [0][-]{chapter.2}{Router\040con\040QoS\040-\040WRR[1,1]}{}% 14
\BOOKMARK [1][-]{section.2.1}{Longitud\040de\040cola\040del\040router}{chapter.2}% 15
\BOOKMARK [2][-]{subsection.2.1.1}{Ejercicio\0402.1.1}{section.2.1}% 16
\BOOKMARK [2][-]{subsection.2.1.2}{Ejercicio\0402.1.2}{section.2.1}% 17
\BOOKMARK [2][-]{subsection.2.1.3}{Ejercicio\0402.1.3}{section.2.1}% 18
\BOOKMARK [1][-]{section.2.2}{Tiempo\040en\040cola\040del\040router}{chapter.2}% 19
\BOOKMARK [2][-]{subsection.2.2.1}{Ejercicio\0402.2.1}{section.2.2}% 20
\BOOKMARK [2][-]{subsection.2.2.2}{Ejercicio\0402.2.2}{section.2.2}% 21
\BOOKMARK [1][-]{section.2.3}{Retardo\040extremo\040a\040extremo}{chapter.2}% 22
\BOOKMARK [2][-]{subsection.2.3.1}{Ejercicio\0402.3.1}{section.2.3}% 23
\BOOKMARK [1][-]{section.2.4}{Muestras\040VoIP\040perdidas\040y\040Paquetes\040VoIP\040perdidos}{chapter.2}% 24
\BOOKMARK [2][-]{subsection.2.4.1}{Ejercicio\0402.4.1}{section.2.4}% 25
\BOOKMARK [0][-]{chapter.3}{Router\040con\040QoS\040-\040WRR[1,6]}{}% 26
\BOOKMARK [1][-]{section.3.1}{Longitud\040de\040cola\040del\040router}{chapter.3}% 27
\BOOKMARK [2][-]{subsection.3.1.1}{Ejercicio\0403.1.1}{section.3.1}% 28
\BOOKMARK [2][-]{subsection.3.1.2}{Ejercicio\0403.1.2}{section.3.1}% 29
\BOOKMARK [1][-]{section.3.2}{Tiempo\040en\040cola\040del\040router}{chapter.3}% 30
\BOOKMARK [2][-]{subsection.3.2.1}{Ejercicio\0403.2.1}{section.3.2}% 31
\BOOKMARK [2][-]{subsection.3.2.2}{Ejercicio\0403.2.2}{section.3.2}% 32
\BOOKMARK [2][-]{subsection.3.2.3}{Ejercicio\0403.2.3}{section.3.2}% 33
\BOOKMARK [0][-]{chapter.4}{Router\040con\040QoS\040-\040Colas\040RED}{}% 34
\BOOKMARK [1][-]{section.4.1}{Longitud\040de\040cola\040del\040router}{chapter.4}% 35
\BOOKMARK [2][-]{subsection.4.1.1}{Ejercicio\0404.1.1}{section.4.1}% 36
\BOOKMARK [2][-]{subsection.4.1.2}{Ejercicio\0404.1.2}{section.4.1}% 37
\BOOKMARK [2][-]{subsection.4.1.3}{Ejercicio\0404.1.3}{section.4.1}% 38
\BOOKMARK [1][-]{section.4.2}{Tiempo\040en\040cola\040del\040router}{chapter.4}% 39
\BOOKMARK [2][-]{subsection.4.2.1}{Ejercicio\0404.2.1}{section.4.2}% 40
\BOOKMARK [2][-]{subsection.4.2.2}{Ejercicio\0404.2.2}{section.4.2}% 41
