\BOOKMARK [0][-]{chapter.1}{AODV}{}% 1
\BOOKMARK [1][-]{section.1.1}{Ejercicio\0401.1}{chapter.1}% 2
\BOOKMARK [1][-]{section.1.2}{Ejercicio\0401.2}{chapter.1}% 3
\BOOKMARK [1][-]{section.1.3}{Ejercicio\0401.3}{chapter.1}% 4
\BOOKMARK [1][-]{section.1.4}{Ejercicio\0401.4}{chapter.1}% 5
\BOOKMARK [1][-]{section.1.5}{Ejercicio\0401.5}{chapter.1}% 6
\BOOKMARK [1][-]{section.1.6}{Ejercicio\0401.6}{chapter.1}% 7
\BOOKMARK [1][-]{section.1.7}{Ejercicio\0401.7}{chapter.1}% 8
\BOOKMARK [1][-]{section.1.8}{Ejercicio\0401.8}{chapter.1}% 9
\BOOKMARK [0][-]{chapter.2}{DSDV}{}% 10
\BOOKMARK [1][-]{section.2.1}{Ejercicio\0402.1}{chapter.2}% 11
\BOOKMARK [1][-]{section.2.2}{Ejercicio\0402.2}{chapter.2}% 12
\BOOKMARK [1][-]{section.2.3}{Ejercicio\0402.3}{chapter.2}% 13
\BOOKMARK [1][-]{section.2.4}{Ejercicio\0402.4}{chapter.2}% 14
\BOOKMARK [1][-]{section.2.5}{Ejercicio\0402.5}{chapter.2}% 15
\BOOKMARK [1][-]{section.2.6}{Ejercicio\0402.6}{chapter.2}% 16
\BOOKMARK [0][-]{chapter.3}{AODV\040vs.\040DSDV}{}% 17
\BOOKMARK [1][-]{section.3.1}{Ejercicio\0403.1}{chapter.3}% 18
\BOOKMARK [1][-]{section.3.2}{Ejercicio\0403.2}{chapter.3}% 19
\BOOKMARK [1][-]{section.3.3}{Ejercicio\0403.3}{chapter.3}% 20
\BOOKMARK [1][-]{section.3.4}{Ejercicio\0403.4}{chapter.3}% 21
\BOOKMARK [1][-]{section.3.5}{Ejercicio\0403.5}{chapter.3}% 22
\BOOKMARK [0][-]{chapter.4}{\376\377\000A\000O\000D\000V\000\040\000v\000s\000.\000\040\000D\000S\000D\000V\000:\000\040\000g\000r\000\341\000f\000i\000c\000a\000s}{}% 23
\BOOKMARK [1][-]{section.4.1}{Ejercicio\0404.1}{chapter.4}% 24
\BOOKMARK [1][-]{section.4.2}{Ejercicio\0404.2}{chapter.4}% 25
\BOOKMARK [1][-]{section.4.3}{Ejercicio\0404.3}{chapter.4}% 26
\BOOKMARK [1][-]{section.4.4}{Ejercicio\0404.4}{chapter.4}% 27
